<?xml version="1.0" encoding="UTF-8"?>
<!-- Generated by org.testng.reporters.JUnitXMLReporter -->
<testsuite hostname="mana" ignored="0" name="Regression suite" tests="1" failures="1" timestamp="19 Aug 2018 09:21:05 GMT" time="0.274" errors="0">
  <testcase name="TestFireFox" time="0.25" classname="Test.test">
    <failure type="java.lang.IllegalStateException" message="The driver executable does not exist: C:\chromedriver.">
      <![CDATA[java.lang.IllegalStateException: The driver executable does not exist: C:\chromedriver.
	at com.google.common.base.Preconditions.checkState(Preconditions.java:534)
	at org.openqa.selenium.remote.service.DriverService.checkExecutable(DriverService.java:136)
	at org.openqa.selenium.remote.service.DriverService.findExecutable(DriverService.java:131)
	at org.openqa.selenium.chrome.ChromeDriverService.access$000(ChromeDriverService.java:32)
	at org.openqa.selenium.chrome.ChromeDriverService$Builder.findDefaultExecutable(ChromeDriverService.java:137)
	at org.openqa.selenium.remote.service.DriverService$Builder.build(DriverService.java:329)
	at org.openqa.selenium.chrome.ChromeDriverService.createDefaultService(ChromeDriverService.java:88)
	at org.openqa.selenium.chrome.ChromeDriver.<init>(ChromeDriver.java:123)
	at Test.test.TestFireFox(test.java:12)
... Removed 25 stack frames]]>
    </failure>
  </testcase> <!-- TestFireFox -->
</testsuite> <!-- Regression suite -->
