<?xml version="1.0" encoding="UTF-8"?>
<testng-results skipped="0" failed="0" ignored="0" total="1" passed="1">
  <reporter-output>
  </reporter-output>
  <suite name="Test" duration-ms="39758" started-at="2018-08-22T12:43:24Z" finished-at="2018-08-22T12:44:04Z">
    <groups>
    </groups>
    <test name="Regression suite" duration-ms="39758" started-at="2018-08-22T12:43:24Z" finished-at="2018-08-22T12:44:04Z">
      <class name="Test.test">
        <test-method status="PASS" signature="TestFireFox()[pri:0, instance:Test.test@1888ff2c]" name="TestFireFox" duration-ms="39738" started-at="2018-08-22T18:13:24Z" finished-at="2018-08-22T18:14:04Z">
          <reporter-output>
          </reporter-output>
        </test-method> <!-- TestFireFox -->
      </class> <!-- Test.test -->
    </test> <!-- Regression suite -->
  </suite> <!-- Test -->
</testng-results>
